-------------------------------------------------------------
[2026-06-14 16:24:22] ▶️ Start
[2026-06-14 16:24:33] 📸 Screenshot Success -> Runtime -> 0.17 mins
[2026-06-14 16:24:35] 🔮 Model Ran -> Runtime -> 0.22 mins | Gen Time: 14 Jun 2026 04:22 PM | Total Current Lateness: 2.60 mins old
[2026-06-14 16:24:35] ⏹️ Ends
-------------------------------------------------------------
[2026-06-14 16:24:35] ⏳ Loop Synchronized -> Predicted Server Step: +8m | Pure Capture Lag: 13.13m | Scheduled Sleep: 7.78 mins
-------------------------------------------------------------
[2026-06-14 16:34:58] ▶️ Start
[2026-06-14 16:35:09] 📸 Screenshot Success -> Runtime -> 0.18 mins
[2026-06-14 16:35:12] 🔮 Model Ran -> Runtime -> 0.23 mins | Gen Time: 14 Jun 2026 04:32 PM | Total Current Lateness: 3.21 mins old
[2026-06-14 16:35:12] ⏹️ Ends
-------------------------------------------------------------
[2026-06-14 16:35:12] ⏳ Loop Synchronized -> Predicted Server Step: +8m | Pure Capture Lag: 13.75m | Scheduled Sleep: 7.77 mins
-------------------------------------------------------------
[2026-06-15 22:16:39] ▶️ Start
[2026-06-15 22:16:50] 📸 Screenshot Success -> Runtime -> 0.18 mins
-------------------------------------------------------------
[2026-06-15 22:27:10] ▶️ Start
[2026-06-15 22:27:20] 📸 Screenshot Success -> Runtime -> 0.17 mins
[2026-06-15 22:28:16] 🔮 Model Ran -> Runtime -> 1.11 mins | Gen Time: 15 Jun 2026 10:26 PM | Total Current Lateness: 2.28 mins old
[2026-06-15 22:28:16] ⏹️ Ends
-------------------------------------------------------------
[2026-06-15 22:28:16] ⏳ Loop Synchronized -> Predicted Server Step: +8m | Pure Capture Lag: 66.44m | Scheduled Sleep: 6.89 mins
-------------------------------------------------------------
[2026-06-15 22:35:10] ▶️ Start
[2026-06-15 22:35:21] 📸 Screenshot Success -> Runtime -> 0.19 mins
[2026-06-15 22:36:27] 🔮 Model Ran -> Runtime -> 1.29 mins | Gen Time: 15 Jun 2026 10:34 PM | Total Current Lateness: 2.46 mins old
[2026-06-15 22:36:27] ⏹️ Ends
-------------------------------------------------------------
[2026-06-15 22:36:27] ⏳ Loop Synchronized -> Predicted Server Step: +8m | Pure Capture Lag: 77.49m | Scheduled Sleep: 6.71 mins
-------------------------------------------------------------
[2026-06-15 22:43:10] ▶️ Start
[2026-06-15 22:43:21] 📸 Screenshot Success -> Runtime -> 0.19 mins
[2026-06-15 22:44:20] 🔮 Model Ran -> Runtime -> 1.16 mins | Gen Time: 15 Jun 2026 10:40 PM | Total Current Lateness: 4.33 mins old
[2026-06-15 22:44:20] ⏹️ Ends
-------------------------------------------------------------
[2026-06-15 22:44:20] ⏳ Loop Synchronized -> Predicted Server Step: +8m | Pure Capture Lag: 69.69m | Scheduled Sleep: 2.34 mins
-------------------------------------------------------------
[2026-06-15 22:46:40] ▶️ Start
[2026-06-15 22:46:51] 📸 Screenshot Success -> Runtime -> 0.18 mins
[2026-06-15 22:47:43] 🔮 Model Ran -> Runtime -> 1.05 mins | Gen Time: 15 Jun 2026 10:44 PM | Total Current Lateness: 3.72 mins old
[2026-06-15 22:47:43] ⏹️ Ends
-------------------------------------------------------------
[2026-06-15 22:47:43] ⏳ Loop Synchronized -> Predicted Server Step: +6m | Pure Capture Lag: 63.10m | Scheduled Sleep: 2.00 mins
-------------------------------------------------------------
[2026-06-15 22:49:43] ▶️ Start
[2026-06-15 22:49:55] 📸 Screenshot Success -> Runtime -> 0.19 mins
[2026-06-15 22:50:46] 🔮 Model Ran -> Runtime -> 1.05 mins | Gen Time: 15 Jun 2026 10:48 PM | Total Current Lateness: 2.78 mins old
[2026-06-15 22:50:46] ⏹️ Ends
-------------------------------------------------------------
[2026-06-15 22:50:46] ⏳ Loop Synchronized -> Predicted Server Step: +4m | Pure Capture Lag: 63.14m | Scheduled Sleep: 2.00 mins
